# vim: ft=sh ts=2 sw=2 expandtab

#
# MacOSX
#
**/.DS_Store
**/.localized
**/.Trash/**
**/Caches/**
**/Cache/**
**/Code Cache/**
**/Crash Reports/**

# Exclude these directories in ANY sub path
**/.yardoc/**
**/cache/**
**/.zig-cache/**

# Well Known Files to Ignore
**/.chunkhound.db

$HOME/src/erebusbat/dotfiles-stow/fetlife/src/fetlife/docker_dev/snapshot-*.tar.gz
$HOME/src/erebusbat/image-marker/imgs/**
$HOME/src/erebusbat/myserver/syncthing/config/**
$HOME/src/erebusbat/pchef76/local-mode-cache/**
$HOME/src/erebusbat/pchef76/nodes/**
$HOME/src/erebusbat/pchef76/tmp/**

$HOME/src/sie/**/logs/**

#
# Vendor Stuff we don't need to archive
#
$HOME/src/vendor/gitlab/**
$HOME/src/vendor/zig/**
